[debug] [2021-06-16T13:48:51.991Z] ----------------------------------------------------------------------
[debug] [2021-06-16T13:48:51.993Z] Command:       C:\Program Files\nodejs\node.exe C:\Users\yeatn\Desktop\Shopzen\ShopZen_solo\functions\node_modules\firebase-tools\lib\bin\firebase.js emulators:start --only functions
[debug] [2021-06-16T13:48:51.993Z] CLI Version:   9.12.1
[debug] [2021-06-16T13:48:51.993Z] Platform:      win32
[debug] [2021-06-16T13:48:51.993Z] Node Version:  v14.17.0
[debug] [2021-06-16T13:48:51.994Z] Time:          Wed Jun 16 2021 21:48:51 GMT+0800 (Singapore Standard Time)
[debug] [2021-06-16T13:48:51.994Z] ----------------------------------------------------------------------
[debug] 
[debug] [2021-06-16T13:48:52.002Z] > command requires scopes: ["email","openid","https://www.googleapis.com/auth/cloudplatformprojects.readonly","https://www.googleapis.com/auth/firebase","https://www.googleapis.com/auth/cloud-platform"]
[debug] [2021-06-16T13:48:52.002Z] > authorizing via signed-in user (yeatnaijie@gmail.com)
[info] i  emulators: Starting emulators: functions {"metadata":{"emulator":{"name":"hub"},"message":"Starting emulators: functions"}}
[debug] [2021-06-16T13:48:52.021Z] [hub] writing locator at C:\Users\yeatn\AppData\Local\Temp\hub-shopzen-72fdd.json
[warn] !  functions: The following emulators are not running, calls to these services from the Functions emulator will affect production: auth, firestore, database, hosting, pubsub, storage {"metadata":{"emulator":{"name":"functions"},"message":"The following emulators are not running, calls to these services from the Functions emulator will affect production: \u001b[1mauth, firestore, database, hosting, pubsub, storage\u001b[22m"}}
[warn] !  Your requested "node" version "10" doesn't match your global version "14" {"metadata":{"emulator":{"name":"functions"},"message":"Your requested \"node\" version \"10\" doesn't match your global version \"14\""}}
[debug] [2021-06-16T13:48:52.051Z] defaultcredentials: writing to file C:\Users\yeatn\AppData\Roaming\firebase\yeatnaijie_gmail_com_application_default_credentials.json
[debug] [2021-06-16T13:48:52.053Z] Setting GAC to C:\Users\yeatn\AppData\Roaming\firebase\yeatnaijie_gmail_com_application_default_credentials.json {"metadata":{"emulator":{"name":"functions"},"message":"Setting GAC to C:\\Users\\yeatn\\AppData\\Roaming\\firebase\\yeatnaijie_gmail_com_application_default_credentials.json"}}
[debug] [2021-06-16T13:48:52.055Z] >>> [apiv2][query] GET https://firebase.googleapis.com/v1beta1/projects/shopzen-72fdd/adminSdkConfig [none]
[debug] [2021-06-16T13:48:52.621Z] <<< [apiv2][status] GET https://firebase.googleapis.com/v1beta1/projects/shopzen-72fdd/adminSdkConfig 200
[debug] [2021-06-16T13:48:52.621Z] <<< [apiv2][body] GET https://firebase.googleapis.com/v1beta1/projects/shopzen-72fdd/adminSdkConfig {"projectId":"shopzen-72fdd","databaseURL":"https://shopzen-72fdd-default-rtdb.asia-southeast1.firebasedatabase.app","storageBucket":"shopzen-72fdd.appspot.com","locationId":"asia-southeast2"}
[debug] [2021-06-16T13:48:52.640Z] Ignoring unsupported arg: auto_download {"metadata":{"emulator":{"name":"ui"},"message":"Ignoring unsupported arg: auto_download"}}
[debug] [2021-06-16T13:48:52.640Z] Ignoring unsupported arg: port {"metadata":{"emulator":{"name":"ui"},"message":"Ignoring unsupported arg: port"}}
[debug] [2021-06-16T13:48:52.640Z] Starting Emulator UI with command {"binary":"node","args":["C:\\Users\\yeatn\\.cache\\firebase\\emulators\\ui-v1.5.0\\server.bundle.js"],"optionalArgs":[],"joinArgs":false} {"metadata":{"emulator":{"name":"ui"},"message":"Starting Emulator UI with command {\"binary\":\"node\",\"args\":[\"C:\\\\Users\\\\yeatn\\\\.cache\\\\firebase\\\\emulators\\\\ui-v1.5.0\\\\server.bundle.js\"],\"optionalArgs\":[],\"joinArgs\":false}"}}
[info] i  ui: Emulator UI logging to ui-debug.log {"metadata":{"emulator":{"name":"ui"},"message":"Emulator UI logging to \u001b[1mui-debug.log\u001b[22m"}}
[debug] [2021-06-16T13:48:52.755Z] Web / API server started at http://localhost:4000
 {"metadata":{"emulator":{"name":"ui"},"message":"Web / API server started at http://localhost:4000\n"}}
[info] i  functions: Watching "C:\Users\yeatn\Desktop\shopzen\ShopZen_solo\functions" for Cloud Functions... {"metadata":{"emulator":{"name":"functions"},"message":"Watching \"C:\\Users\\yeatn\\Desktop\\shopzen\\ShopZen_solo\\functions\" for Cloud Functions..."}}
[debug] [2021-06-16T13:48:52.919Z] [worker-pool] addWorker(~diagnostic~) {"metadata":{"emulator":{"name":"functions"},"message":"[worker-pool] addWorker(~diagnostic~)"}}
[debug] [2021-06-16T13:48:52.919Z] [worker-pool] Adding worker with key ~diagnostic~, total=1 {"metadata":{"emulator":{"name":"functions"},"message":"[worker-pool] Adding worker with key ~diagnostic~, total=1"}}
[debug] [2021-06-16T13:48:52.919Z] [worker-pool] submitWork(triggerId=) {"metadata":{"emulator":{"name":"functions"},"message":"[worker-pool] submitWork(triggerId=)"}}
[debug] [2021-06-16T13:48:52.919Z] [worker-~diagnostic~-ae3d1dc6-a935-4201-a626-1bd8d066de56]: Assigning socketPath: \\?\pipe\C:\Users\yeatn\Desktop\shopzen\ShopZen_solo\functions\13304 {"metadata":{"emulator":{"name":"functions"},"message":"[worker-~diagnostic~-ae3d1dc6-a935-4201-a626-1bd8d066de56]: Assigning socketPath: \\\\?\\pipe\\C:\\Users\\yeatn\\Desktop\\shopzen\\ShopZen_solo\\functions\\13304"}}
[debug] [2021-06-16T13:48:52.919Z] [worker-~diagnostic~-ae3d1dc6-a935-4201-a626-1bd8d066de56]: BUSY {"metadata":{"emulator":{"name":"functions"},"message":"[worker-~diagnostic~-ae3d1dc6-a935-4201-a626-1bd8d066de56]: BUSY"}}
[debug] [2021-06-16T13:48:53.160Z] [runtime-status] [13304] Functions runtime initialized. {"cwd":"C:\\Users\\yeatn\\Desktop\\shopzen\\ShopZen_solo\\functions","node_version":"14.17.0"} {"metadata":{"emulator":{"name":"functions"},"message":"[runtime-status] [13304] Functions runtime initialized. {\"cwd\":\"C:\\\\Users\\\\yeatn\\\\Desktop\\\\shopzen\\\\ShopZen_solo\\\\functions\",\"node_version\":\"14.17.0\"}"}}
[debug] [2021-06-16T13:48:53.162Z] [runtime-status] [13304] Disabled runtime features: undefined {"metadata":{"emulator":{"name":"functions"},"message":"[runtime-status] [13304] Disabled runtime features: undefined"}}
[debug] [2021-06-16T13:48:53.166Z] [runtime-status] [13304] Resolved module firebase-admin {"declared":true,"installed":true,"version":"8.13.0","resolution":"C:\\Users\\yeatn\\Desktop\\shopzen\\ShopZen_solo\\functions\\node_modules\\firebase-admin\\lib\\index.js"} {"metadata":{"emulator":{"name":"functions"},"message":"[runtime-status] [13304] Resolved module firebase-admin {\"declared\":true,\"installed\":true,\"version\":\"8.13.0\",\"resolution\":\"C:\\\\Users\\\\yeatn\\\\Desktop\\\\shopzen\\\\ShopZen_solo\\\\functions\\\\node_modules\\\\firebase-admin\\\\lib\\\\index.js\"}"}}
[debug] [2021-06-16T13:48:53.167Z] [runtime-status] [13304] Resolved module firebase-functions {"declared":true,"installed":true,"version":"3.11.0","resolution":"C:\\Users\\yeatn\\Desktop\\shopzen\\ShopZen_solo\\functions\\node_modules\\firebase-functions\\lib\\index.js"} {"metadata":{"emulator":{"name":"functions"},"message":"[runtime-status] [13304] Resolved module firebase-functions {\"declared\":true,\"installed\":true,\"version\":\"3.11.0\",\"resolution\":\"C:\\\\Users\\\\yeatn\\\\Desktop\\\\shopzen\\\\ShopZen_solo\\\\functions\\\\node_modules\\\\firebase-functions\\\\lib\\\\index.js\"}"}}
[debug] [2021-06-16T13:48:53.169Z] [runtime-status] [13304] Resolved module firebase-functions {"declared":true,"installed":true,"version":"3.11.0","resolution":"C:\\Users\\yeatn\\Desktop\\shopzen\\ShopZen_solo\\functions\\node_modules\\firebase-functions\\lib\\index.js"} {"metadata":{"emulator":{"name":"functions"},"message":"[runtime-status] [13304] Resolved module firebase-functions {\"declared\":true,\"installed\":true,\"version\":\"3.11.0\",\"resolution\":\"C:\\\\Users\\\\yeatn\\\\Desktop\\\\shopzen\\\\ShopZen_solo\\\\functions\\\\node_modules\\\\firebase-functions\\\\lib\\\\index.js\"}"}}
[debug] [2021-06-16T13:48:53.171Z] [runtime-status] [13304] Outgoing network have been stubbed. [{"name":"http","status":"mocked"},{"name":"http","status":"mocked"},{"name":"https","status":"mocked"},{"name":"https","status":"mocked"},{"name":"net","status":"mocked"}] {"metadata":{"emulator":{"name":"functions"},"message":"[runtime-status] [13304] Outgoing network have been stubbed. [{\"name\":\"http\",\"status\":\"mocked\"},{\"name\":\"http\",\"status\":\"mocked\"},{\"name\":\"https\",\"status\":\"mocked\"},{\"name\":\"https\",\"status\":\"mocked\"},{\"name\":\"net\",\"status\":\"mocked\"}]"}}
[debug] [2021-06-16T13:48:53.171Z] [runtime-status] [13304] Resolved module firebase-functions {"declared":true,"installed":true,"version":"3.11.0","resolution":"C:\\Users\\yeatn\\Desktop\\shopzen\\ShopZen_solo\\functions\\node_modules\\firebase-functions\\lib\\index.js"} {"metadata":{"emulator":{"name":"functions"},"message":"[runtime-status] [13304] Resolved module firebase-functions {\"declared\":true,\"installed\":true,\"version\":\"3.11.0\",\"resolution\":\"C:\\\\Users\\\\yeatn\\\\Desktop\\\\shopzen\\\\ShopZen_solo\\\\functions\\\\node_modules\\\\firebase-functions\\\\lib\\\\index.js\"}"}}
[debug] [2021-06-16T13:48:53.219Z] [runtime-status] [13304] Checked functions.config() {"config":{}} {"metadata":{"emulator":{"name":"functions"},"message":"[runtime-status] [13304] Checked functions.config() {\"config\":{}}"}}
[debug] [2021-06-16T13:48:53.219Z] [runtime-status] [13304] firebase-functions has been stubbed. {"functionsResolution":{"declared":true,"installed":true,"version":"3.11.0","resolution":"C:\\Users\\yeatn\\Desktop\\shopzen\\ShopZen_solo\\functions\\node_modules\\firebase-functions\\lib\\index.js"}} {"metadata":{"emulator":{"name":"functions"},"message":"[runtime-status] [13304] firebase-functions has been stubbed. {\"functionsResolution\":{\"declared\":true,\"installed\":true,\"version\":\"3.11.0\",\"resolution\":\"C:\\\\Users\\\\yeatn\\\\Desktop\\\\shopzen\\\\ShopZen_solo\\\\functions\\\\node_modules\\\\firebase-functions\\\\lib\\\\index.js\"}}"}}
[debug] [2021-06-16T13:48:53.220Z] [runtime-status] [13304] Resolved module firebase-functions {"declared":true,"installed":true,"version":"3.11.0","resolution":"C:\\Users\\yeatn\\Desktop\\shopzen\\ShopZen_solo\\functions\\node_modules\\firebase-functions\\lib\\index.js"} {"metadata":{"emulator":{"name":"functions"},"message":"[runtime-status] [13304] Resolved module firebase-functions {\"declared\":true,\"installed\":true,\"version\":\"3.11.0\",\"resolution\":\"C:\\\\Users\\\\yeatn\\\\Desktop\\\\shopzen\\\\ShopZen_solo\\\\functions\\\\node_modules\\\\firebase-functions\\\\lib\\\\index.js\"}"}}
[debug] [2021-06-16T13:48:53.221Z] [runtime-status] [13304] Resolved module firebase-admin {"declared":true,"installed":true,"version":"8.13.0","resolution":"C:\\Users\\yeatn\\Desktop\\shopzen\\ShopZen_solo\\functions\\node_modules\\firebase-admin\\lib\\index.js"} {"metadata":{"emulator":{"name":"functions"},"message":"[runtime-status] [13304] Resolved module firebase-admin {\"declared\":true,\"installed\":true,\"version\":\"8.13.0\",\"resolution\":\"C:\\\\Users\\\\yeatn\\\\Desktop\\\\shopzen\\\\ShopZen_solo\\\\functions\\\\node_modules\\\\firebase-admin\\\\lib\\\\index.js\"}"}}
[debug] [2021-06-16T13:48:53.223Z] [runtime-status] [13304] Resolved module firebase-functions {"declared":true,"installed":true,"version":"3.11.0","resolution":"C:\\Users\\yeatn\\Desktop\\shopzen\\ShopZen_solo\\functions\\node_modules\\firebase-functions\\lib\\index.js"} {"metadata":{"emulator":{"name":"functions"},"message":"[runtime-status] [13304] Resolved module firebase-functions {\"declared\":true,\"installed\":true,\"version\":\"3.11.0\",\"resolution\":\"C:\\\\Users\\\\yeatn\\\\Desktop\\\\shopzen\\\\ShopZen_solo\\\\functions\\\\node_modules\\\\firebase-functions\\\\lib\\\\index.js\"}"}}
[debug] [2021-06-16T13:48:53.223Z] [runtime-status] [13304] firebase-admin has been stubbed. {"adminResolution":{"declared":true,"installed":true,"version":"8.13.0","resolution":"C:\\Users\\yeatn\\Desktop\\shopzen\\ShopZen_solo\\functions\\node_modules\\firebase-admin\\lib\\index.js"}} {"metadata":{"emulator":{"name":"functions"},"message":"[runtime-status] [13304] firebase-admin has been stubbed. {\"adminResolution\":{\"declared\":true,\"installed\":true,\"version\":\"8.13.0\",\"resolution\":\"C:\\\\Users\\\\yeatn\\\\Desktop\\\\shopzen\\\\ShopZen_solo\\\\functions\\\\node_modules\\\\firebase-admin\\\\lib\\\\index.js\"}}"}}
[info] +  functions[us-central1-api]: http function initialized (http://localhost:5001/shopzen-72fdd/us-central1/api). {"metadata":{"emulator":{"name":"functions"},"message":"\u001b[1mhttp\u001b[22m function initialized (http://localhost:5001/shopzen-72fdd/us-central1/api)."}}
[info] 
┌─────────────────────────────────────────────────────────────┐
│ ✔  All emulators ready! It is now safe to connect your app. │
│ i  View Emulator UI at http://localhost:4000                │
└─────────────────────────────────────────────────────────────┘

┌───────────┬────────────────┬─────────────────────────────────┐
│ Emulator  │ Host:Port      │ View in Emulator UI             │
├───────────┼────────────────┼─────────────────────────────────┤
│ Functions │ localhost:5001 │ http://localhost:4000/functions │
└───────────┴────────────────┴─────────────────────────────────┘
  Emulator Hub running at localhost:4400
  Other reserved ports: 4500

Issues? Report them at https://github.com/firebase/firebase-tools/issues and attach the *-debug.log files.
 
[debug] [2021-06-16T13:48:53.373Z] [worker-~diagnostic~-ae3d1dc6-a935-4201-a626-1bd8d066de56]: IDLE {"metadata":{"emulator":{"name":"functions"},"message":"[worker-~diagnostic~-ae3d1dc6-a935-4201-a626-1bd8d066de56]: IDLE"}}
[debug] [2021-06-16T13:49:25.805Z] [work-queue] {"queueLength":1,"workRunningCount":0}
[debug] [2021-06-16T13:49:25.806Z] [work-queue] {"queueLength":0,"workRunningCount":1}
[debug] [2021-06-16T13:49:25.807Z] Accepted request OPTIONS /shopzen-72fdd/us-central1/api/payments/create --> us-central1-api
[debug] [2021-06-16T13:49:25.825Z] [worker-pool] addWorker(us-central1-api) {"metadata":{"emulator":{"name":"functions"},"message":"[worker-pool] addWorker(us-central1-api)"}}
[debug] [2021-06-16T13:49:25.825Z] [worker-pool] Adding worker with key us-central1-api, total=1 {"metadata":{"emulator":{"name":"functions"},"message":"[worker-pool] Adding worker with key us-central1-api, total=1"}}
[debug] [2021-06-16T13:49:25.825Z] [worker-pool] submitWork(triggerId=us-central1-api) {"metadata":{"emulator":{"name":"functions"},"message":"[worker-pool] submitWork(triggerId=us-central1-api)"}}
[debug] [2021-06-16T13:49:25.826Z] [worker-us-central1-api-0b559303-9178-411e-9cd2-bb2ccf84b876]: Assigning socketPath: \\?\pipe\C:\Users\yeatn\Desktop\shopzen\ShopZen_solo\functions\18332 {"metadata":{"emulator":{"name":"functions"},"message":"[worker-us-central1-api-0b559303-9178-411e-9cd2-bb2ccf84b876]: Assigning socketPath: \\\\?\\pipe\\C:\\Users\\yeatn\\Desktop\\shopzen\\ShopZen_solo\\functions\\18332"}}
[debug] [2021-06-16T13:49:25.826Z] [worker-us-central1-api-0b559303-9178-411e-9cd2-bb2ccf84b876]: BUSY {"metadata":{"emulator":{"name":"functions"},"message":"[worker-us-central1-api-0b559303-9178-411e-9cd2-bb2ccf84b876]: BUSY"}}
[debug] [2021-06-16T13:49:26.246Z] [runtime-status] [18332] Functions runtime initialized. {"cwd":"C:\\Users\\yeatn\\Desktop\\shopzen\\ShopZen_solo\\functions","node_version":"14.17.0"} {"metadata":{"emulator":{"name":"functions"},"function":{"name":"us-central1-api"},"message":"[runtime-status] [18332] Functions runtime initialized. {\"cwd\":\"C:\\\\Users\\\\yeatn\\\\Desktop\\\\shopzen\\\\ShopZen_solo\\\\functions\",\"node_version\":\"14.17.0\"}"}}
[debug] [2021-06-16T13:49:26.251Z] [runtime-status] [18332] Disabled runtime features: undefined {"metadata":{"emulator":{"name":"functions"},"function":{"name":"us-central1-api"},"message":"[runtime-status] [18332] Disabled runtime features: undefined"}}
[debug] [2021-06-16T13:49:26.256Z] [runtime-status] [18332] Resolved module firebase-admin {"declared":true,"installed":true,"version":"8.13.0","resolution":"C:\\Users\\yeatn\\Desktop\\shopzen\\ShopZen_solo\\functions\\node_modules\\firebase-admin\\lib\\index.js"} {"metadata":{"emulator":{"name":"functions"},"function":{"name":"us-central1-api"},"message":"[runtime-status] [18332] Resolved module firebase-admin {\"declared\":true,\"installed\":true,\"version\":\"8.13.0\",\"resolution\":\"C:\\\\Users\\\\yeatn\\\\Desktop\\\\shopzen\\\\ShopZen_solo\\\\functions\\\\node_modules\\\\firebase-admin\\\\lib\\\\index.js\"}"}}
[debug] [2021-06-16T13:49:26.259Z] [runtime-status] [18332] Resolved module firebase-functions {"declared":true,"installed":true,"version":"3.11.0","resolution":"C:\\Users\\yeatn\\Desktop\\shopzen\\ShopZen_solo\\functions\\node_modules\\firebase-functions\\lib\\index.js"} {"metadata":{"emulator":{"name":"functions"},"function":{"name":"us-central1-api"},"message":"[runtime-status] [18332] Resolved module firebase-functions {\"declared\":true,\"installed\":true,\"version\":\"3.11.0\",\"resolution\":\"C:\\\\Users\\\\yeatn\\\\Desktop\\\\shopzen\\\\ShopZen_solo\\\\functions\\\\node_modules\\\\firebase-functions\\\\lib\\\\index.js\"}"}}
[debug] [2021-06-16T13:49:26.261Z] [runtime-status] [18332] Resolved module firebase-functions {"declared":true,"installed":true,"version":"3.11.0","resolution":"C:\\Users\\yeatn\\Desktop\\shopzen\\ShopZen_solo\\functions\\node_modules\\firebase-functions\\lib\\index.js"} {"metadata":{"emulator":{"name":"functions"},"function":{"name":"us-central1-api"},"message":"[runtime-status] [18332] Resolved module firebase-functions {\"declared\":true,\"installed\":true,\"version\":\"3.11.0\",\"resolution\":\"C:\\\\Users\\\\yeatn\\\\Desktop\\\\shopzen\\\\ShopZen_solo\\\\functions\\\\node_modules\\\\firebase-functions\\\\lib\\\\index.js\"}"}}
[debug] [2021-06-16T13:49:26.264Z] [runtime-status] [18332] Outgoing network have been stubbed. [{"name":"http","status":"mocked"},{"name":"http","status":"mocked"},{"name":"https","status":"mocked"},{"name":"https","status":"mocked"},{"name":"net","status":"mocked"}] {"metadata":{"emulator":{"name":"functions"},"function":{"name":"us-central1-api"},"message":"[runtime-status] [18332] Outgoing network have been stubbed. [{\"name\":\"http\",\"status\":\"mocked\"},{\"name\":\"http\",\"status\":\"mocked\"},{\"name\":\"https\",\"status\":\"mocked\"},{\"name\":\"https\",\"status\":\"mocked\"},{\"name\":\"net\",\"status\":\"mocked\"}]"}}
[debug] [2021-06-16T13:49:26.264Z] [runtime-status] [18332] Resolved module firebase-functions {"declared":true,"installed":true,"version":"3.11.0","resolution":"C:\\Users\\yeatn\\Desktop\\shopzen\\ShopZen_solo\\functions\\node_modules\\firebase-functions\\lib\\index.js"} {"metadata":{"emulator":{"name":"functions"},"function":{"name":"us-central1-api"},"message":"[runtime-status] [18332] Resolved module firebase-functions {\"declared\":true,\"installed\":true,\"version\":\"3.11.0\",\"resolution\":\"C:\\\\Users\\\\yeatn\\\\Desktop\\\\shopzen\\\\ShopZen_solo\\\\functions\\\\node_modules\\\\firebase-functions\\\\lib\\\\index.js\"}"}}
[debug] [2021-06-16T13:49:26.329Z] [runtime-status] [18332] Checked functions.config() {"config":{}} {"metadata":{"emulator":{"name":"functions"},"function":{"name":"us-central1-api"},"message":"[runtime-status] [18332] Checked functions.config() {\"config\":{}}"}}
[debug] [2021-06-16T13:49:26.329Z] [runtime-status] [18332] firebase-functions has been stubbed. {"functionsResolution":{"declared":true,"installed":true,"version":"3.11.0","resolution":"C:\\Users\\yeatn\\Desktop\\shopzen\\ShopZen_solo\\functions\\node_modules\\firebase-functions\\lib\\index.js"}} {"metadata":{"emulator":{"name":"functions"},"function":{"name":"us-central1-api"},"message":"[runtime-status] [18332] firebase-functions has been stubbed. {\"functionsResolution\":{\"declared\":true,\"installed\":true,\"version\":\"3.11.0\",\"resolution\":\"C:\\\\Users\\\\yeatn\\\\Desktop\\\\shopzen\\\\ShopZen_solo\\\\functions\\\\node_modules\\\\firebase-functions\\\\lib\\\\index.js\"}}"}}
[debug] [2021-06-16T13:49:26.330Z] [runtime-status] [18332] Resolved module firebase-functions {"declared":true,"installed":true,"version":"3.11.0","resolution":"C:\\Users\\yeatn\\Desktop\\shopzen\\ShopZen_solo\\functions\\node_modules\\firebase-functions\\lib\\index.js"} {"metadata":{"emulator":{"name":"functions"},"function":{"name":"us-central1-api"},"message":"[runtime-status] [18332] Resolved module firebase-functions {\"declared\":true,\"installed\":true,\"version\":\"3.11.0\",\"resolution\":\"C:\\\\Users\\\\yeatn\\\\Desktop\\\\shopzen\\\\ShopZen_solo\\\\functions\\\\node_modules\\\\firebase-functions\\\\lib\\\\index.js\"}"}}
[debug] [2021-06-16T13:49:26.331Z] [runtime-status] [18332] Resolved module firebase-admin {"declared":true,"installed":true,"version":"8.13.0","resolution":"C:\\Users\\yeatn\\Desktop\\shopzen\\ShopZen_solo\\functions\\node_modules\\firebase-admin\\lib\\index.js"} {"metadata":{"emulator":{"name":"functions"},"function":{"name":"us-central1-api"},"message":"[runtime-status] [18332] Resolved module firebase-admin {\"declared\":true,\"installed\":true,\"version\":\"8.13.0\",\"resolution\":\"C:\\\\Users\\\\yeatn\\\\Desktop\\\\shopzen\\\\ShopZen_solo\\\\functions\\\\node_modules\\\\firebase-admin\\\\lib\\\\index.js\"}"}}
[debug] [2021-06-16T13:49:26.332Z] [runtime-status] [18332] Resolved module firebase-functions {"declared":true,"installed":true,"version":"3.11.0","resolution":"C:\\Users\\yeatn\\Desktop\\shopzen\\ShopZen_solo\\functions\\node_modules\\firebase-functions\\lib\\index.js"} {"metadata":{"emulator":{"name":"functions"},"function":{"name":"us-central1-api"},"message":"[runtime-status] [18332] Resolved module firebase-functions {\"declared\":true,\"installed\":true,\"version\":\"3.11.0\",\"resolution\":\"C:\\\\Users\\\\yeatn\\\\Desktop\\\\shopzen\\\\ShopZen_solo\\\\functions\\\\node_modules\\\\firebase-functions\\\\lib\\\\index.js\"}"}}
[debug] [2021-06-16T13:49:26.333Z] [runtime-status] [18332] firebase-admin has been stubbed. {"adminResolution":{"declared":true,"installed":true,"version":"8.13.0","resolution":"C:\\Users\\yeatn\\Desktop\\shopzen\\ShopZen_solo\\functions\\node_modules\\firebase-admin\\lib\\index.js"}} {"metadata":{"emulator":{"name":"functions"},"function":{"name":"us-central1-api"},"message":"[runtime-status] [18332] firebase-admin has been stubbed. {\"adminResolution\":{\"declared\":true,\"installed\":true,\"version\":\"8.13.0\",\"resolution\":\"C:\\\\Users\\\\yeatn\\\\Desktop\\\\shopzen\\\\ShopZen_solo\\\\functions\\\\node_modules\\\\firebase-admin\\\\lib\\\\index.js\"}}"}}
[debug] [2021-06-16T13:49:26.634Z] [runtime-status] [18332] Trigger "us-central1-api" has been found, beginning invocation! {"metadata":{"emulator":{"name":"functions"},"function":{"name":"us-central1-api"},"message":"[runtime-status] [18332] Trigger \"us-central1-api\" has been found, beginning invocation!"}}
[info] i  functions: Beginning execution of "us-central1-api" {"metadata":{"emulator":{"name":"functions"},"function":{"name":"us-central1-api"},"message":"Beginning execution of \"us-central1-api\""}}
[debug] [2021-06-16T13:49:26.636Z] [runtime-status] [18332] triggerDefinition {"httpsTrigger":{},"name":"api","entryPoint":"api","regions":["us-central1"],"region":"us-central1","id":"us-central1-api"} {"metadata":{"emulator":{"name":"functions"},"function":{"name":"us-central1-api"},"message":"[runtime-status] [18332] triggerDefinition {\"httpsTrigger\":{},\"name\":\"api\",\"entryPoint\":\"api\",\"regions\":[\"us-central1\"],\"region\":\"us-central1\",\"id\":\"us-central1-api\"}"}}
[debug] [2021-06-16T13:49:26.636Z] [runtime-status] [18332] Running us-central1-api in mode HTTPS {"metadata":{"emulator":{"name":"functions"},"function":{"name":"us-central1-api"},"message":"[runtime-status] [18332] Running us-central1-api in mode HTTPS"}}
[debug] [2021-06-16T13:49:26.643Z] [runtime-status] [18332] Attempting to listen to socketPath: \\?\pipe\C:\Users\yeatn\Desktop\shopzen\ShopZen_solo\functions\18332 {"metadata":{"emulator":{"name":"functions"},"function":{"name":"us-central1-api"},"message":"[runtime-status] [18332] Attempting to listen to socketPath: \\\\?\\pipe\\C:\\Users\\yeatn\\Desktop\\shopzen\\ShopZen_solo\\functions\\18332"}}
[debug] [2021-06-16T13:49:26.650Z] [functions] Runtime ready! Sending request! {"metadata":{"emulator":{"name":"functions"},"message":"[functions] Runtime ready! Sending request!"}}
[debug] [2021-06-16T13:49:26.651Z] [functions] Got req.url=/shopzen-72fdd/us-central1/api/payments/create, mapping to path=/payments/create {"metadata":{"emulator":{"name":"functions"},"message":"[functions] Got req.url=/shopzen-72fdd/us-central1/api/payments/create, mapping to path=/payments/create"}}
[debug] [2021-06-16T13:49:26.667Z] [runtime-status] [18332] Ephemeral server handling OPTIONS request {"metadata":{"emulator":{"name":"functions"},"function":{"name":"us-central1-api"},"message":"[runtime-status] [18332] Ephemeral server handling OPTIONS request"}}
[debug] [2021-06-16T13:49:26.680Z] [runtime-status] [18332] Ephemeral server survived. {"metadata":{"emulator":{"name":"functions"},"function":{"name":"us-central1-api"},"message":"[runtime-status] [18332] Ephemeral server survived."}}
[debug] [2021-06-16T13:49:26.683Z] [work-queue] {"queueLength":1,"workRunningCount":1}
[debug] [2021-06-16T13:49:26.683Z] [work-queue] {"queueLength":0,"workRunningCount":2}
[debug] [2021-06-16T13:49:26.683Z] Accepted request POST /shopzen-72fdd/us-central1/api/payments/create --> us-central1-api
[debug] [2021-06-16T13:49:26.700Z] [worker-pool] addWorker(us-central1-api) {"metadata":{"emulator":{"name":"functions"},"message":"[worker-pool] addWorker(us-central1-api)"}}
[debug] [2021-06-16T13:49:26.700Z] [worker-pool] Adding worker with key us-central1-api, total=2 {"metadata":{"emulator":{"name":"functions"},"message":"[worker-pool] Adding worker with key us-central1-api, total=2"}}
[debug] [2021-06-16T13:49:26.701Z] [worker-pool] submitWork(triggerId=us-central1-api) {"metadata":{"emulator":{"name":"functions"},"message":"[worker-pool] submitWork(triggerId=us-central1-api)"}}
[debug] [2021-06-16T13:49:26.703Z] [worker-us-central1-api-42452555-2b99-4f95-817a-637deab36f1e]: Assigning socketPath: \\?\pipe\C:\Users\yeatn\Desktop\shopzen\ShopZen_solo\functions\14392 {"metadata":{"emulator":{"name":"functions"},"message":"[worker-us-central1-api-42452555-2b99-4f95-817a-637deab36f1e]: Assigning socketPath: \\\\?\\pipe\\C:\\Users\\yeatn\\Desktop\\shopzen\\ShopZen_solo\\functions\\14392"}}
[debug] [2021-06-16T13:49:26.703Z] [worker-us-central1-api-42452555-2b99-4f95-817a-637deab36f1e]: BUSY {"metadata":{"emulator":{"name":"functions"},"message":"[worker-us-central1-api-42452555-2b99-4f95-817a-637deab36f1e]: BUSY"}}
[info] i  functions: Finished "us-central1-api" in ~1s {"metadata":{"emulator":{"name":"functions"},"function":{"name":"us-central1-api"},"message":"Finished \"us-central1-api\" in ~1s"}}
[debug] [2021-06-16T13:49:26.705Z] [worker-us-central1-api-0b559303-9178-411e-9cd2-bb2ccf84b876]: IDLE {"metadata":{"emulator":{"name":"functions"},"message":"[worker-us-central1-api-0b559303-9178-411e-9cd2-bb2ccf84b876]: IDLE"}}
[debug] [2021-06-16T13:49:26.706Z] [work-queue] {"queueLength":0,"workRunningCount":1}
[debug] [2021-06-16T13:49:27.123Z] [runtime-status] [14392] Functions runtime initialized. {"cwd":"C:\\Users\\yeatn\\Desktop\\shopzen\\ShopZen_solo\\functions","node_version":"14.17.0"} {"metadata":{"emulator":{"name":"functions"},"function":{"name":"us-central1-api"},"message":"[runtime-status] [14392] Functions runtime initialized. {\"cwd\":\"C:\\\\Users\\\\yeatn\\\\Desktop\\\\shopzen\\\\ShopZen_solo\\\\functions\",\"node_version\":\"14.17.0\"}"}}
[debug] [2021-06-16T13:49:27.129Z] [runtime-status] [14392] Disabled runtime features: undefined {"metadata":{"emulator":{"name":"functions"},"function":{"name":"us-central1-api"},"message":"[runtime-status] [14392] Disabled runtime features: undefined"}}
[debug] [2021-06-16T13:49:27.136Z] [runtime-status] [14392] Resolved module firebase-admin {"declared":true,"installed":true,"version":"8.13.0","resolution":"C:\\Users\\yeatn\\Desktop\\shopzen\\ShopZen_solo\\functions\\node_modules\\firebase-admin\\lib\\index.js"} {"metadata":{"emulator":{"name":"functions"},"function":{"name":"us-central1-api"},"message":"[runtime-status] [14392] Resolved module firebase-admin {\"declared\":true,\"installed\":true,\"version\":\"8.13.0\",\"resolution\":\"C:\\\\Users\\\\yeatn\\\\Desktop\\\\shopzen\\\\ShopZen_solo\\\\functions\\\\node_modules\\\\firebase-admin\\\\lib\\\\index.js\"}"}}
[debug] [2021-06-16T13:49:27.140Z] [runtime-status] [14392] Resolved module firebase-functions {"declared":true,"installed":true,"version":"3.11.0","resolution":"C:\\Users\\yeatn\\Desktop\\shopzen\\ShopZen_solo\\functions\\node_modules\\firebase-functions\\lib\\index.js"} {"metadata":{"emulator":{"name":"functions"},"function":{"name":"us-central1-api"},"message":"[runtime-status] [14392] Resolved module firebase-functions {\"declared\":true,\"installed\":true,\"version\":\"3.11.0\",\"resolution\":\"C:\\\\Users\\\\yeatn\\\\Desktop\\\\shopzen\\\\ShopZen_solo\\\\functions\\\\node_modules\\\\firebase-functions\\\\lib\\\\index.js\"}"}}
[debug] [2021-06-16T13:49:27.144Z] [runtime-status] [14392] Resolved module firebase-functions {"declared":true,"installed":true,"version":"3.11.0","resolution":"C:\\Users\\yeatn\\Desktop\\shopzen\\ShopZen_solo\\functions\\node_modules\\firebase-functions\\lib\\index.js"} {"metadata":{"emulator":{"name":"functions"},"function":{"name":"us-central1-api"},"message":"[runtime-status] [14392] Resolved module firebase-functions {\"declared\":true,\"installed\":true,\"version\":\"3.11.0\",\"resolution\":\"C:\\\\Users\\\\yeatn\\\\Desktop\\\\shopzen\\\\ShopZen_solo\\\\functions\\\\node_modules\\\\firebase-functions\\\\lib\\\\index.js\"}"}}
[debug] [2021-06-16T13:49:27.148Z] [runtime-status] [14392] Outgoing network have been stubbed. [{"name":"http","status":"mocked"},{"name":"http","status":"mocked"},{"name":"https","status":"mocked"},{"name":"https","status":"mocked"},{"name":"net","status":"mocked"}] {"metadata":{"emulator":{"name":"functions"},"function":{"name":"us-central1-api"},"message":"[runtime-status] [14392] Outgoing network have been stubbed. [{\"name\":\"http\",\"status\":\"mocked\"},{\"name\":\"http\",\"status\":\"mocked\"},{\"name\":\"https\",\"status\":\"mocked\"},{\"name\":\"https\",\"status\":\"mocked\"},{\"name\":\"net\",\"status\":\"mocked\"}]"}}
[debug] [2021-06-16T13:49:27.150Z] [runtime-status] [14392] Resolved module firebase-functions {"declared":true,"installed":true,"version":"3.11.0","resolution":"C:\\Users\\yeatn\\Desktop\\shopzen\\ShopZen_solo\\functions\\node_modules\\firebase-functions\\lib\\index.js"} {"metadata":{"emulator":{"name":"functions"},"function":{"name":"us-central1-api"},"message":"[runtime-status] [14392] Resolved module firebase-functions {\"declared\":true,\"installed\":true,\"version\":\"3.11.0\",\"resolution\":\"C:\\\\Users\\\\yeatn\\\\Desktop\\\\shopzen\\\\ShopZen_solo\\\\functions\\\\node_modules\\\\firebase-functions\\\\lib\\\\index.js\"}"}}
[debug] [2021-06-16T13:49:27.230Z] [runtime-status] [14392] Checked functions.config() {"config":{}} {"metadata":{"emulator":{"name":"functions"},"function":{"name":"us-central1-api"},"message":"[runtime-status] [14392] Checked functions.config() {\"config\":{}}"}}
[debug] [2021-06-16T13:49:27.230Z] [runtime-status] [14392] firebase-functions has been stubbed. {"functionsResolution":{"declared":true,"installed":true,"version":"3.11.0","resolution":"C:\\Users\\yeatn\\Desktop\\shopzen\\ShopZen_solo\\functions\\node_modules\\firebase-functions\\lib\\index.js"}} {"metadata":{"emulator":{"name":"functions"},"function":{"name":"us-central1-api"},"message":"[runtime-status] [14392] firebase-functions has been stubbed. {\"functionsResolution\":{\"declared\":true,\"installed\":true,\"version\":\"3.11.0\",\"resolution\":\"C:\\\\Users\\\\yeatn\\\\Desktop\\\\shopzen\\\\ShopZen_solo\\\\functions\\\\node_modules\\\\firebase-functions\\\\lib\\\\index.js\"}}"}}
[debug] [2021-06-16T13:49:27.232Z] [runtime-status] [14392] Resolved module firebase-functions {"declared":true,"installed":true,"version":"3.11.0","resolution":"C:\\Users\\yeatn\\Desktop\\shopzen\\ShopZen_solo\\functions\\node_modules\\firebase-functions\\lib\\index.js"} {"metadata":{"emulator":{"name":"functions"},"function":{"name":"us-central1-api"},"message":"[runtime-status] [14392] Resolved module firebase-functions {\"declared\":true,\"installed\":true,\"version\":\"3.11.0\",\"resolution\":\"C:\\\\Users\\\\yeatn\\\\Desktop\\\\shopzen\\\\ShopZen_solo\\\\functions\\\\node_modules\\\\firebase-functions\\\\lib\\\\index.js\"}"}}
[debug] [2021-06-16T13:49:27.235Z] [runtime-status] [14392] Resolved module firebase-admin {"declared":true,"installed":true,"version":"8.13.0","resolution":"C:\\Users\\yeatn\\Desktop\\shopzen\\ShopZen_solo\\functions\\node_modules\\firebase-admin\\lib\\index.js"} {"metadata":{"emulator":{"name":"functions"},"function":{"name":"us-central1-api"},"message":"[runtime-status] [14392] Resolved module firebase-admin {\"declared\":true,\"installed\":true,\"version\":\"8.13.0\",\"resolution\":\"C:\\\\Users\\\\yeatn\\\\Desktop\\\\shopzen\\\\ShopZen_solo\\\\functions\\\\node_modules\\\\firebase-admin\\\\lib\\\\index.js\"}"}}
[debug] [2021-06-16T13:49:27.236Z] [runtime-status] [14392] Resolved module firebase-functions {"declared":true,"installed":true,"version":"3.11.0","resolution":"C:\\Users\\yeatn\\Desktop\\shopzen\\ShopZen_solo\\functions\\node_modules\\firebase-functions\\lib\\index.js"} {"metadata":{"emulator":{"name":"functions"},"function":{"name":"us-central1-api"},"message":"[runtime-status] [14392] Resolved module firebase-functions {\"declared\":true,\"installed\":true,\"version\":\"3.11.0\",\"resolution\":\"C:\\\\Users\\\\yeatn\\\\Desktop\\\\shopzen\\\\ShopZen_solo\\\\functions\\\\node_modules\\\\firebase-functions\\\\lib\\\\index.js\"}"}}
[debug] [2021-06-16T13:49:27.236Z] [runtime-status] [14392] firebase-admin has been stubbed. {"adminResolution":{"declared":true,"installed":true,"version":"8.13.0","resolution":"C:\\Users\\yeatn\\Desktop\\shopzen\\ShopZen_solo\\functions\\node_modules\\firebase-admin\\lib\\index.js"}} {"metadata":{"emulator":{"name":"functions"},"function":{"name":"us-central1-api"},"message":"[runtime-status] [14392] firebase-admin has been stubbed. {\"adminResolution\":{\"declared\":true,\"installed\":true,\"version\":\"8.13.0\",\"resolution\":\"C:\\\\Users\\\\yeatn\\\\Desktop\\\\shopzen\\\\ShopZen_solo\\\\functions\\\\node_modules\\\\firebase-admin\\\\lib\\\\index.js\"}}"}}
[debug] [2021-06-16T13:49:27.548Z] [runtime-status] [14392] Trigger "us-central1-api" has been found, beginning invocation! {"metadata":{"emulator":{"name":"functions"},"function":{"name":"us-central1-api"},"message":"[runtime-status] [14392] Trigger \"us-central1-api\" has been found, beginning invocation!"}}
[info] i  functions: Beginning execution of "us-central1-api" {"metadata":{"emulator":{"name":"functions"},"function":{"name":"us-central1-api"},"message":"Beginning execution of \"us-central1-api\""}}
[debug] [2021-06-16T13:49:27.550Z] [runtime-status] [14392] triggerDefinition {"httpsTrigger":{},"name":"api","entryPoint":"api","regions":["us-central1"],"region":"us-central1","id":"us-central1-api"} {"metadata":{"emulator":{"name":"functions"},"function":{"name":"us-central1-api"},"message":"[runtime-status] [14392] triggerDefinition {\"httpsTrigger\":{},\"name\":\"api\",\"entryPoint\":\"api\",\"regions\":[\"us-central1\"],\"region\":\"us-central1\",\"id\":\"us-central1-api\"}"}}
[debug] [2021-06-16T13:49:27.551Z] [runtime-status] [14392] Running us-central1-api in mode HTTPS {"metadata":{"emulator":{"name":"functions"},"function":{"name":"us-central1-api"},"message":"[runtime-status] [14392] Running us-central1-api in mode HTTPS"}}
[debug] [2021-06-16T13:49:27.557Z] [runtime-status] [14392] Attempting to listen to socketPath: \\?\pipe\C:\Users\yeatn\Desktop\shopzen\ShopZen_solo\functions\14392 {"metadata":{"emulator":{"name":"functions"},"function":{"name":"us-central1-api"},"message":"[runtime-status] [14392] Attempting to listen to socketPath: \\\\?\\pipe\\C:\\Users\\yeatn\\Desktop\\shopzen\\ShopZen_solo\\functions\\14392"}}
[debug] [2021-06-16T13:49:27.562Z] [functions] Runtime ready! Sending request! {"metadata":{"emulator":{"name":"functions"},"message":"[functions] Runtime ready! Sending request!"}}
[debug] [2021-06-16T13:49:27.563Z] [functions] Got req.url=/shopzen-72fdd/us-central1/api/payments/create, mapping to path=/payments/create {"metadata":{"emulator":{"name":"functions"},"message":"[functions] Got req.url=/shopzen-72fdd/us-central1/api/payments/create, mapping to path=/payments/create"}}
[debug] [2021-06-16T13:49:27.622Z] [runtime-status] [14392] Ephemeral server handling POST request {"metadata":{"emulator":{"name":"functions"},"function":{"name":"us-central1-api"},"message":"[runtime-status] [14392] Ephemeral server handling POST request"}}
[debug] [2021-06-16T13:49:27.653Z] [runtime-status] [14392] Ephemeral server survived. {"metadata":{"emulator":{"name":"functions"},"function":{"name":"us-central1-api"},"message":"[runtime-status] [14392] Ephemeral server survived."}}
[info] i  functions: Finished "us-central1-api" in ~1s {"metadata":{"emulator":{"name":"functions"},"function":{"name":"us-central1-api"},"message":"Finished \"us-central1-api\" in ~1s"}}
[debug] [2021-06-16T13:49:28.572Z] [worker-us-central1-api-42452555-2b99-4f95-817a-637deab36f1e]: IDLE {"metadata":{"emulator":{"name":"functions"},"message":"[worker-us-central1-api-42452555-2b99-4f95-817a-637deab36f1e]: IDLE"}}
[debug] [2021-06-16T13:49:28.572Z] [work-queue] {"queueLength":0,"workRunningCount":0}
[debug] [2021-06-16T13:50:41.230Z] [work-queue] {"queueLength":1,"workRunningCount":0}
[debug] [2021-06-16T13:50:41.231Z] [work-queue] {"queueLength":0,"workRunningCount":1}
[debug] [2021-06-16T13:50:41.231Z] Accepted request OPTIONS /shopzen-72fdd/us-central1/api/payments/create --> us-central1-api
[debug] [2021-06-16T13:50:41.231Z] [worker-pool] submitWork(triggerId=us-central1-api) {"metadata":{"emulator":{"name":"functions"},"message":"[worker-pool] submitWork(triggerId=us-central1-api)"}}
[debug] [2021-06-16T13:50:41.232Z] [worker-us-central1-api-0b559303-9178-411e-9cd2-bb2ccf84b876]: Assigning socketPath: \\?\pipe\C:\Users\yeatn\Desktop\shopzen\ShopZen_solo\functions\18332 {"metadata":{"emulator":{"name":"functions"},"message":"[worker-us-central1-api-0b559303-9178-411e-9cd2-bb2ccf84b876]: Assigning socketPath: \\\\?\\pipe\\C:\\Users\\yeatn\\Desktop\\shopzen\\ShopZen_solo\\functions\\18332"}}
[debug] [2021-06-16T13:50:41.232Z] [worker-us-central1-api-0b559303-9178-411e-9cd2-bb2ccf84b876]: BUSY {"metadata":{"emulator":{"name":"functions"},"message":"[worker-us-central1-api-0b559303-9178-411e-9cd2-bb2ccf84b876]: BUSY"}}
[debug] [2021-06-16T13:50:41.233Z] [runtime-status] [18332] Trigger "us-central1-api" has been found, beginning invocation! {"metadata":{"emulator":{"name":"functions"},"function":{"name":"us-central1-api"},"message":"[runtime-status] [18332] Trigger \"us-central1-api\" has been found, beginning invocation!"}}
[info] i  functions: Beginning execution of "us-central1-api" {"metadata":{"emulator":{"name":"functions"},"function":{"name":"us-central1-api"},"message":"Beginning execution of \"us-central1-api\""}}
[debug] [2021-06-16T13:50:41.235Z] [runtime-status] [18332] triggerDefinition {"httpsTrigger":{},"name":"api","entryPoint":"api","regions":["us-central1"],"region":"us-central1","id":"us-central1-api"} {"metadata":{"emulator":{"name":"functions"},"function":{"name":"us-central1-api"},"message":"[runtime-status] [18332] triggerDefinition {\"httpsTrigger\":{},\"name\":\"api\",\"entryPoint\":\"api\",\"regions\":[\"us-central1\"],\"region\":\"us-central1\",\"id\":\"us-central1-api\"}"}}
[debug] [2021-06-16T13:50:41.237Z] [runtime-status] [18332] Running us-central1-api in mode HTTPS {"metadata":{"emulator":{"name":"functions"},"function":{"name":"us-central1-api"},"message":"[runtime-status] [18332] Running us-central1-api in mode HTTPS"}}
[debug] [2021-06-16T13:50:41.237Z] [runtime-status] [18332] Attempting to listen to socketPath: \\?\pipe\C:\Users\yeatn\Desktop\shopzen\ShopZen_solo\functions\18332 {"metadata":{"emulator":{"name":"functions"},"function":{"name":"us-central1-api"},"message":"[runtime-status] [18332] Attempting to listen to socketPath: \\\\?\\pipe\\C:\\Users\\yeatn\\Desktop\\shopzen\\ShopZen_solo\\functions\\18332"}}
[debug] [2021-06-16T13:50:41.239Z] [functions] Runtime ready! Sending request! {"metadata":{"emulator":{"name":"functions"},"message":"[functions] Runtime ready! Sending request!"}}
[debug] [2021-06-16T13:50:41.240Z] [functions] Got req.url=/shopzen-72fdd/us-central1/api/payments/create, mapping to path=/payments/create {"metadata":{"emulator":{"name":"functions"},"message":"[functions] Got req.url=/shopzen-72fdd/us-central1/api/payments/create, mapping to path=/payments/create"}}
[debug] [2021-06-16T13:50:41.245Z] [runtime-status] [18332] Ephemeral server handling OPTIONS request {"metadata":{"emulator":{"name":"functions"},"function":{"name":"us-central1-api"},"message":"[runtime-status] [18332] Ephemeral server handling OPTIONS request"}}
[debug] [2021-06-16T13:50:41.247Z] [runtime-status] [18332] Ephemeral server survived. {"metadata":{"emulator":{"name":"functions"},"function":{"name":"us-central1-api"},"message":"[runtime-status] [18332] Ephemeral server survived."}}
[info] i  functions: Finished "us-central1-api" in ~1s {"metadata":{"emulator":{"name":"functions"},"function":{"name":"us-central1-api"},"message":"Finished \"us-central1-api\" in ~1s"}}
[debug] [2021-06-16T13:50:41.249Z] [worker-us-central1-api-0b559303-9178-411e-9cd2-bb2ccf84b876]: IDLE {"metadata":{"emulator":{"name":"functions"},"message":"[worker-us-central1-api-0b559303-9178-411e-9cd2-bb2ccf84b876]: IDLE"}}
[debug] [2021-06-16T13:50:41.250Z] [work-queue] {"queueLength":0,"workRunningCount":0}
[debug] [2021-06-16T13:50:41.251Z] [work-queue] {"queueLength":1,"workRunningCount":0}
[debug] [2021-06-16T13:50:41.251Z] [work-queue] {"queueLength":0,"workRunningCount":1}
[debug] [2021-06-16T13:50:41.252Z] Accepted request POST /shopzen-72fdd/us-central1/api/payments/create --> us-central1-api
[debug] [2021-06-16T13:50:41.252Z] [worker-pool] submitWork(triggerId=us-central1-api) {"metadata":{"emulator":{"name":"functions"},"message":"[worker-pool] submitWork(triggerId=us-central1-api)"}}
[debug] [2021-06-16T13:50:41.252Z] [worker-us-central1-api-0b559303-9178-411e-9cd2-bb2ccf84b876]: Assigning socketPath: \\?\pipe\C:\Users\yeatn\Desktop\shopzen\ShopZen_solo\functions\18332 {"metadata":{"emulator":{"name":"functions"},"message":"[worker-us-central1-api-0b559303-9178-411e-9cd2-bb2ccf84b876]: Assigning socketPath: \\\\?\\pipe\\C:\\Users\\yeatn\\Desktop\\shopzen\\ShopZen_solo\\functions\\18332"}}
[debug] [2021-06-16T13:50:41.252Z] [worker-us-central1-api-0b559303-9178-411e-9cd2-bb2ccf84b876]: BUSY {"metadata":{"emulator":{"name":"functions"},"message":"[worker-us-central1-api-0b559303-9178-411e-9cd2-bb2ccf84b876]: BUSY"}}
[debug] [2021-06-16T13:50:41.273Z] [runtime-status] [18332] Trigger "us-central1-api" has been found, beginning invocation! {"metadata":{"emulator":{"name":"functions"},"function":{"name":"us-central1-api"},"message":"[runtime-status] [18332] Trigger \"us-central1-api\" has been found, beginning invocation!"}}
[info] i  functions: Beginning execution of "us-central1-api" {"metadata":{"emulator":{"name":"functions"},"function":{"name":"us-central1-api"},"message":"Beginning execution of \"us-central1-api\""}}
[debug] [2021-06-16T13:50:41.275Z] [runtime-status] [18332] triggerDefinition {"httpsTrigger":{},"name":"api","entryPoint":"api","regions":["us-central1"],"region":"us-central1","id":"us-central1-api"} {"metadata":{"emulator":{"name":"functions"},"function":{"name":"us-central1-api"},"message":"[runtime-status] [18332] triggerDefinition {\"httpsTrigger\":{},\"name\":\"api\",\"entryPoint\":\"api\",\"regions\":[\"us-central1\"],\"region\":\"us-central1\",\"id\":\"us-central1-api\"}"}}
[debug] [2021-06-16T13:50:41.276Z] [runtime-status] [18332] Running us-central1-api in mode HTTPS {"metadata":{"emulator":{"name":"functions"},"function":{"name":"us-central1-api"},"message":"[runtime-status] [18332] Running us-central1-api in mode HTTPS"}}
[debug] [2021-06-16T13:50:41.276Z] [runtime-status] [18332] Attempting to listen to socketPath: \\?\pipe\C:\Users\yeatn\Desktop\shopzen\ShopZen_solo\functions\18332 {"metadata":{"emulator":{"name":"functions"},"function":{"name":"us-central1-api"},"message":"[runtime-status] [18332] Attempting to listen to socketPath: \\\\?\\pipe\\C:\\Users\\yeatn\\Desktop\\shopzen\\ShopZen_solo\\functions\\18332"}}
[debug] [2021-06-16T13:50:41.279Z] [functions] Runtime ready! Sending request! {"metadata":{"emulator":{"name":"functions"},"message":"[functions] Runtime ready! Sending request!"}}
[debug] [2021-06-16T13:50:41.279Z] [functions] Got req.url=/shopzen-72fdd/us-central1/api/payments/create, mapping to path=/payments/create {"metadata":{"emulator":{"name":"functions"},"message":"[functions] Got req.url=/shopzen-72fdd/us-central1/api/payments/create, mapping to path=/payments/create"}}
[debug] [2021-06-16T13:50:41.321Z] [runtime-status] [18332] Ephemeral server handling POST request {"metadata":{"emulator":{"name":"functions"},"function":{"name":"us-central1-api"},"message":"[runtime-status] [18332] Ephemeral server handling POST request"}}
[debug] [2021-06-16T13:50:41.348Z] [runtime-status] [18332] Ephemeral server survived. {"metadata":{"emulator":{"name":"functions"},"function":{"name":"us-central1-api"},"message":"[runtime-status] [18332] Ephemeral server survived."}}
[info] i  functions: Finished "us-central1-api" in ~1s {"metadata":{"emulator":{"name":"functions"},"function":{"name":"us-central1-api"},"message":"Finished \"us-central1-api\" in ~1s"}}
[debug] [2021-06-16T13:50:41.982Z] [worker-us-central1-api-0b559303-9178-411e-9cd2-bb2ccf84b876]: IDLE {"metadata":{"emulator":{"name":"functions"},"message":"[worker-us-central1-api-0b559303-9178-411e-9cd2-bb2ccf84b876]: IDLE"}}
[debug] [2021-06-16T13:50:41.982Z] [work-queue] {"queueLength":0,"workRunningCount":0}
[debug] [2021-06-16T14:01:18.169Z] [work-queue] {"queueLength":1,"workRunningCount":0}
[debug] [2021-06-16T14:01:18.170Z] [work-queue] {"queueLength":0,"workRunningCount":1}
[debug] [2021-06-16T14:01:18.170Z] Accepted request OPTIONS /shopzen-72fdd/us-central1/api/payments/create --> us-central1-api
[debug] [2021-06-16T14:01:18.173Z] [worker-pool] submitWork(triggerId=us-central1-api) {"metadata":{"emulator":{"name":"functions"},"message":"[worker-pool] submitWork(triggerId=us-central1-api)"}}
[debug] [2021-06-16T14:01:18.173Z] [worker-us-central1-api-0b559303-9178-411e-9cd2-bb2ccf84b876]: Assigning socketPath: \\?\pipe\C:\Users\yeatn\Desktop\shopzen\ShopZen_solo\functions\18332 {"metadata":{"emulator":{"name":"functions"},"message":"[worker-us-central1-api-0b559303-9178-411e-9cd2-bb2ccf84b876]: Assigning socketPath: \\\\?\\pipe\\C:\\Users\\yeatn\\Desktop\\shopzen\\ShopZen_solo\\functions\\18332"}}
[debug] [2021-06-16T14:01:18.173Z] [worker-us-central1-api-0b559303-9178-411e-9cd2-bb2ccf84b876]: BUSY {"metadata":{"emulator":{"name":"functions"},"message":"[worker-us-central1-api-0b559303-9178-411e-9cd2-bb2ccf84b876]: BUSY"}}
[debug] [2021-06-16T14:01:18.174Z] [runtime-status] [18332] Trigger "us-central1-api" has been found, beginning invocation! {"metadata":{"emulator":{"name":"functions"},"function":{"name":"us-central1-api"},"message":"[runtime-status] [18332] Trigger \"us-central1-api\" has been found, beginning invocation!"}}
[info] i  functions: Beginning execution of "us-central1-api" {"metadata":{"emulator":{"name":"functions"},"function":{"name":"us-central1-api"},"message":"Beginning execution of \"us-central1-api\""}}
[debug] [2021-06-16T14:01:18.177Z] [runtime-status] [18332] triggerDefinition {"httpsTrigger":{},"name":"api","entryPoint":"api","regions":["us-central1"],"region":"us-central1","id":"us-central1-api"} {"metadata":{"emulator":{"name":"functions"},"function":{"name":"us-central1-api"},"message":"[runtime-status] [18332] triggerDefinition {\"httpsTrigger\":{},\"name\":\"api\",\"entryPoint\":\"api\",\"regions\":[\"us-central1\"],\"region\":\"us-central1\",\"id\":\"us-central1-api\"}"}}
[debug] [2021-06-16T14:01:18.177Z] [runtime-status] [18332] Running us-central1-api in mode HTTPS {"metadata":{"emulator":{"name":"functions"},"function":{"name":"us-central1-api"},"message":"[runtime-status] [18332] Running us-central1-api in mode HTTPS"}}
[debug] [2021-06-16T14:01:18.178Z] [runtime-status] [18332] Attempting to listen to socketPath: \\?\pipe\C:\Users\yeatn\Desktop\shopzen\ShopZen_solo\functions\18332 {"metadata":{"emulator":{"name":"functions"},"function":{"name":"us-central1-api"},"message":"[runtime-status] [18332] Attempting to listen to socketPath: \\\\?\\pipe\\C:\\Users\\yeatn\\Desktop\\shopzen\\ShopZen_solo\\functions\\18332"}}
[debug] [2021-06-16T14:01:18.180Z] [functions] Runtime ready! Sending request! {"metadata":{"emulator":{"name":"functions"},"message":"[functions] Runtime ready! Sending request!"}}
[debug] [2021-06-16T14:01:18.180Z] [functions] Got req.url=/shopzen-72fdd/us-central1/api/payments/create, mapping to path=/payments/create {"metadata":{"emulator":{"name":"functions"},"message":"[functions] Got req.url=/shopzen-72fdd/us-central1/api/payments/create, mapping to path=/payments/create"}}
[debug] [2021-06-16T14:01:18.186Z] [runtime-status] [18332] Ephemeral server handling OPTIONS request {"metadata":{"emulator":{"name":"functions"},"function":{"name":"us-central1-api"},"message":"[runtime-status] [18332] Ephemeral server handling OPTIONS request"}}
[debug] [2021-06-16T14:01:18.187Z] [runtime-status] [18332] Ephemeral server survived. {"metadata":{"emulator":{"name":"functions"},"function":{"name":"us-central1-api"},"message":"[runtime-status] [18332] Ephemeral server survived."}}
[info] i  functions: Finished "us-central1-api" in ~1s {"metadata":{"emulator":{"name":"functions"},"function":{"name":"us-central1-api"},"message":"Finished \"us-central1-api\" in ~1s"}}
[debug] [2021-06-16T14:01:18.189Z] [worker-us-central1-api-0b559303-9178-411e-9cd2-bb2ccf84b876]: IDLE {"metadata":{"emulator":{"name":"functions"},"message":"[worker-us-central1-api-0b559303-9178-411e-9cd2-bb2ccf84b876]: IDLE"}}
[debug] [2021-06-16T14:01:18.190Z] [work-queue] {"queueLength":0,"workRunningCount":0}
[debug] [2021-06-16T14:01:18.191Z] [work-queue] {"queueLength":1,"workRunningCount":0}
[debug] [2021-06-16T14:01:18.191Z] [work-queue] {"queueLength":0,"workRunningCount":1}
[debug] [2021-06-16T14:01:18.191Z] Accepted request POST /shopzen-72fdd/us-central1/api/payments/create --> us-central1-api
[debug] [2021-06-16T14:01:18.191Z] [worker-pool] submitWork(triggerId=us-central1-api) {"metadata":{"emulator":{"name":"functions"},"message":"[worker-pool] submitWork(triggerId=us-central1-api)"}}
[debug] [2021-06-16T14:01:18.192Z] [worker-us-central1-api-0b559303-9178-411e-9cd2-bb2ccf84b876]: Assigning socketPath: \\?\pipe\C:\Users\yeatn\Desktop\shopzen\ShopZen_solo\functions\18332 {"metadata":{"emulator":{"name":"functions"},"message":"[worker-us-central1-api-0b559303-9178-411e-9cd2-bb2ccf84b876]: Assigning socketPath: \\\\?\\pipe\\C:\\Users\\yeatn\\Desktop\\shopzen\\ShopZen_solo\\functions\\18332"}}
[debug] [2021-06-16T14:01:18.192Z] [worker-us-central1-api-0b559303-9178-411e-9cd2-bb2ccf84b876]: BUSY {"metadata":{"emulator":{"name":"functions"},"message":"[worker-us-central1-api-0b559303-9178-411e-9cd2-bb2ccf84b876]: BUSY"}}
[debug] [2021-06-16T14:01:18.203Z] [runtime-status] [18332] Trigger "us-central1-api" has been found, beginning invocation! {"metadata":{"emulator":{"name":"functions"},"function":{"name":"us-central1-api"},"message":"[runtime-status] [18332] Trigger \"us-central1-api\" has been found, beginning invocation!"}}
[info] i  functions: Beginning execution of "us-central1-api" {"metadata":{"emulator":{"name":"functions"},"function":{"name":"us-central1-api"},"message":"Beginning execution of \"us-central1-api\""}}
[debug] [2021-06-16T14:01:18.205Z] [runtime-status] [18332] triggerDefinition {"httpsTrigger":{},"name":"api","entryPoint":"api","regions":["us-central1"],"region":"us-central1","id":"us-central1-api"} {"metadata":{"emulator":{"name":"functions"},"function":{"name":"us-central1-api"},"message":"[runtime-status] [18332] triggerDefinition {\"httpsTrigger\":{},\"name\":\"api\",\"entryPoint\":\"api\",\"regions\":[\"us-central1\"],\"region\":\"us-central1\",\"id\":\"us-central1-api\"}"}}
[debug] [2021-06-16T14:01:18.206Z] [runtime-status] [18332] Running us-central1-api in mode HTTPS {"metadata":{"emulator":{"name":"functions"},"function":{"name":"us-central1-api"},"message":"[runtime-status] [18332] Running us-central1-api in mode HTTPS"}}
[debug] [2021-06-16T14:01:18.206Z] [runtime-status] [18332] Attempting to listen to socketPath: \\?\pipe\C:\Users\yeatn\Desktop\shopzen\ShopZen_solo\functions\18332 {"metadata":{"emulator":{"name":"functions"},"function":{"name":"us-central1-api"},"message":"[runtime-status] [18332] Attempting to listen to socketPath: \\\\?\\pipe\\C:\\Users\\yeatn\\Desktop\\shopzen\\ShopZen_solo\\functions\\18332"}}
[debug] [2021-06-16T14:01:18.208Z] [functions] Runtime ready! Sending request! {"metadata":{"emulator":{"name":"functions"},"message":"[functions] Runtime ready! Sending request!"}}
[debug] [2021-06-16T14:01:18.209Z] [functions] Got req.url=/shopzen-72fdd/us-central1/api/payments/create, mapping to path=/payments/create {"metadata":{"emulator":{"name":"functions"},"message":"[functions] Got req.url=/shopzen-72fdd/us-central1/api/payments/create, mapping to path=/payments/create"}}
[debug] [2021-06-16T14:01:18.216Z] [runtime-status] [18332] Ephemeral server handling POST request {"metadata":{"emulator":{"name":"functions"},"function":{"name":"us-central1-api"},"message":"[runtime-status] [18332] Ephemeral server handling POST request"}}
[debug] [2021-06-16T14:01:18.219Z] [runtime-status] [18332] Ephemeral server survived. {"metadata":{"emulator":{"name":"functions"},"function":{"name":"us-central1-api"},"message":"[runtime-status] [18332] Ephemeral server survived."}}
[info] i  functions: Finished "us-central1-api" in ~1s {"metadata":{"emulator":{"name":"functions"},"function":{"name":"us-central1-api"},"message":"Finished \"us-central1-api\" in ~1s"}}
[debug] [2021-06-16T14:01:18.794Z] [worker-us-central1-api-0b559303-9178-411e-9cd2-bb2ccf84b876]: IDLE {"metadata":{"emulator":{"name":"functions"},"message":"[worker-us-central1-api-0b559303-9178-411e-9cd2-bb2ccf84b876]: IDLE"}}
[debug] [2021-06-16T14:01:18.796Z] [work-queue] {"queueLength":0,"workRunningCount":0}
[debug] [2021-06-16T14:05:04.787Z] [work-queue] {"queueLength":1,"workRunningCount":0}
[debug] [2021-06-16T14:05:04.787Z] [work-queue] {"queueLength":0,"workRunningCount":1}
[debug] [2021-06-16T14:05:04.787Z] Accepted request OPTIONS /shopzen-72fdd/us-central1/api/payments/create --> us-central1-api
[debug] [2021-06-16T14:05:04.788Z] [worker-pool] submitWork(triggerId=us-central1-api) {"metadata":{"emulator":{"name":"functions"},"message":"[worker-pool] submitWork(triggerId=us-central1-api)"}}
[debug] [2021-06-16T14:05:04.788Z] [worker-us-central1-api-0b559303-9178-411e-9cd2-bb2ccf84b876]: Assigning socketPath: \\?\pipe\C:\Users\yeatn\Desktop\shopzen\ShopZen_solo\functions\18332 {"metadata":{"emulator":{"name":"functions"},"message":"[worker-us-central1-api-0b559303-9178-411e-9cd2-bb2ccf84b876]: Assigning socketPath: \\\\?\\pipe\\C:\\Users\\yeatn\\Desktop\\shopzen\\ShopZen_solo\\functions\\18332"}}
[debug] [2021-06-16T14:05:04.788Z] [worker-us-central1-api-0b559303-9178-411e-9cd2-bb2ccf84b876]: BUSY {"metadata":{"emulator":{"name":"functions"},"message":"[worker-us-central1-api-0b559303-9178-411e-9cd2-bb2ccf84b876]: BUSY"}}
[debug] [2021-06-16T14:05:04.789Z] [runtime-status] [18332] Trigger "us-central1-api" has been found, beginning invocation! {"metadata":{"emulator":{"name":"functions"},"function":{"name":"us-central1-api"},"message":"[runtime-status] [18332] Trigger \"us-central1-api\" has been found, beginning invocation!"}}
[info] i  functions: Beginning execution of "us-central1-api" {"metadata":{"emulator":{"name":"functions"},"function":{"name":"us-central1-api"},"message":"Beginning execution of \"us-central1-api\""}}
[debug] [2021-06-16T14:05:04.791Z] [runtime-status] [18332] triggerDefinition {"httpsTrigger":{},"name":"api","entryPoint":"api","regions":["us-central1"],"region":"us-central1","id":"us-central1-api"} {"metadata":{"emulator":{"name":"functions"},"function":{"name":"us-central1-api"},"message":"[runtime-status] [18332] triggerDefinition {\"httpsTrigger\":{},\"name\":\"api\",\"entryPoint\":\"api\",\"regions\":[\"us-central1\"],\"region\":\"us-central1\",\"id\":\"us-central1-api\"}"}}
[debug] [2021-06-16T14:05:04.791Z] [runtime-status] [18332] Running us-central1-api in mode HTTPS {"metadata":{"emulator":{"name":"functions"},"function":{"name":"us-central1-api"},"message":"[runtime-status] [18332] Running us-central1-api in mode HTTPS"}}
[debug] [2021-06-16T14:05:04.792Z] [runtime-status] [18332] Attempting to listen to socketPath: \\?\pipe\C:\Users\yeatn\Desktop\shopzen\ShopZen_solo\functions\18332 {"metadata":{"emulator":{"name":"functions"},"function":{"name":"us-central1-api"},"message":"[runtime-status] [18332] Attempting to listen to socketPath: \\\\?\\pipe\\C:\\Users\\yeatn\\Desktop\\shopzen\\ShopZen_solo\\functions\\18332"}}
[debug] [2021-06-16T14:05:04.794Z] [functions] Runtime ready! Sending request! {"metadata":{"emulator":{"name":"functions"},"message":"[functions] Runtime ready! Sending request!"}}
[debug] [2021-06-16T14:05:04.794Z] [functions] Got req.url=/shopzen-72fdd/us-central1/api/payments/create, mapping to path=/payments/create {"metadata":{"emulator":{"name":"functions"},"message":"[functions] Got req.url=/shopzen-72fdd/us-central1/api/payments/create, mapping to path=/payments/create"}}
[debug] [2021-06-16T14:05:04.798Z] [runtime-status] [18332] Ephemeral server handling OPTIONS request {"metadata":{"emulator":{"name":"functions"},"function":{"name":"us-central1-api"},"message":"[runtime-status] [18332] Ephemeral server handling OPTIONS request"}}
[debug] [2021-06-16T14:05:04.800Z] [runtime-status] [18332] Ephemeral server survived. {"metadata":{"emulator":{"name":"functions"},"function":{"name":"us-central1-api"},"message":"[runtime-status] [18332] Ephemeral server survived."}}
[info] i  functions: Finished "us-central1-api" in ~1s {"metadata":{"emulator":{"name":"functions"},"function":{"name":"us-central1-api"},"message":"Finished \"us-central1-api\" in ~1s"}}
[debug] [2021-06-16T14:05:04.804Z] [work-queue] {"queueLength":1,"workRunningCount":1}
[debug] [2021-06-16T14:05:04.804Z] [work-queue] {"queueLength":0,"workRunningCount":2}
[debug] [2021-06-16T14:05:04.804Z] Accepted request POST /shopzen-72fdd/us-central1/api/payments/create --> us-central1-api
[debug] [2021-06-16T14:05:04.804Z] [worker-pool] submitWork(triggerId=us-central1-api) {"metadata":{"emulator":{"name":"functions"},"message":"[worker-pool] submitWork(triggerId=us-central1-api)"}}
[debug] [2021-06-16T14:05:04.805Z] [worker-us-central1-api-42452555-2b99-4f95-817a-637deab36f1e]: Assigning socketPath: \\?\pipe\C:\Users\yeatn\Desktop\shopzen\ShopZen_solo\functions\14392 {"metadata":{"emulator":{"name":"functions"},"message":"[worker-us-central1-api-42452555-2b99-4f95-817a-637deab36f1e]: Assigning socketPath: \\\\?\\pipe\\C:\\Users\\yeatn\\Desktop\\shopzen\\ShopZen_solo\\functions\\14392"}}
[debug] [2021-06-16T14:05:04.805Z] [worker-us-central1-api-42452555-2b99-4f95-817a-637deab36f1e]: BUSY {"metadata":{"emulator":{"name":"functions"},"message":"[worker-us-central1-api-42452555-2b99-4f95-817a-637deab36f1e]: BUSY"}}
[debug] [2021-06-16T14:05:04.806Z] [worker-us-central1-api-0b559303-9178-411e-9cd2-bb2ccf84b876]: IDLE {"metadata":{"emulator":{"name":"functions"},"message":"[worker-us-central1-api-0b559303-9178-411e-9cd2-bb2ccf84b876]: IDLE"}}
[debug] [2021-06-16T14:05:04.806Z] [work-queue] {"queueLength":0,"workRunningCount":1}
[debug] [2021-06-16T14:05:04.807Z] [runtime-status] [14392] Trigger "us-central1-api" has been found, beginning invocation! {"metadata":{"emulator":{"name":"functions"},"function":{"name":"us-central1-api"},"message":"[runtime-status] [14392] Trigger \"us-central1-api\" has been found, beginning invocation!"}}
[info] i  functions: Beginning execution of "us-central1-api" {"metadata":{"emulator":{"name":"functions"},"function":{"name":"us-central1-api"},"message":"Beginning execution of \"us-central1-api\""}}
[debug] [2021-06-16T14:05:04.809Z] [runtime-status] [14392] triggerDefinition {"httpsTrigger":{},"name":"api","entryPoint":"api","regions":["us-central1"],"region":"us-central1","id":"us-central1-api"} {"metadata":{"emulator":{"name":"functions"},"function":{"name":"us-central1-api"},"message":"[runtime-status] [14392] triggerDefinition {\"httpsTrigger\":{},\"name\":\"api\",\"entryPoint\":\"api\",\"regions\":[\"us-central1\"],\"region\":\"us-central1\",\"id\":\"us-central1-api\"}"}}
[debug] [2021-06-16T14:05:04.809Z] [runtime-status] [14392] Running us-central1-api in mode HTTPS {"metadata":{"emulator":{"name":"functions"},"function":{"name":"us-central1-api"},"message":"[runtime-status] [14392] Running us-central1-api in mode HTTPS"}}
[debug] [2021-06-16T14:05:04.810Z] [runtime-status] [14392] Attempting to listen to socketPath: \\?\pipe\C:\Users\yeatn\Desktop\shopzen\ShopZen_solo\functions\14392 {"metadata":{"emulator":{"name":"functions"},"function":{"name":"us-central1-api"},"message":"[runtime-status] [14392] Attempting to listen to socketPath: \\\\?\\pipe\\C:\\Users\\yeatn\\Desktop\\shopzen\\ShopZen_solo\\functions\\14392"}}
[debug] [2021-06-16T14:05:04.812Z] [functions] Runtime ready! Sending request! {"metadata":{"emulator":{"name":"functions"},"message":"[functions] Runtime ready! Sending request!"}}
[debug] [2021-06-16T14:05:04.813Z] [functions] Got req.url=/shopzen-72fdd/us-central1/api/payments/create, mapping to path=/payments/create {"metadata":{"emulator":{"name":"functions"},"message":"[functions] Got req.url=/shopzen-72fdd/us-central1/api/payments/create, mapping to path=/payments/create"}}
[debug] [2021-06-16T14:05:04.821Z] [runtime-status] [14392] Ephemeral server handling POST request {"metadata":{"emulator":{"name":"functions"},"function":{"name":"us-central1-api"},"message":"[runtime-status] [14392] Ephemeral server handling POST request"}}
[debug] [2021-06-16T14:05:04.826Z] [runtime-status] [14392] Ephemeral server survived. {"metadata":{"emulator":{"name":"functions"},"function":{"name":"us-central1-api"},"message":"[runtime-status] [14392] Ephemeral server survived."}}
[info] i  functions: Finished "us-central1-api" in ~1s {"metadata":{"emulator":{"name":"functions"},"function":{"name":"us-central1-api"},"message":"Finished \"us-central1-api\" in ~1s"}}
[debug] [2021-06-16T14:05:05.298Z] [worker-us-central1-api-42452555-2b99-4f95-817a-637deab36f1e]: IDLE {"metadata":{"emulator":{"name":"functions"},"message":"[worker-us-central1-api-42452555-2b99-4f95-817a-637deab36f1e]: IDLE"}}
[debug] [2021-06-16T14:05:05.299Z] [work-queue] {"queueLength":0,"workRunningCount":0}
